2025-09-25 10:21:18: info: Successfully started the server
2025-09-25 10:22:20: info: Successfully started the server
2025-09-25 10:52:20: error: Cannot read properties of undefined (reading '$connect')
2025-09-25 10:54:01: error: Authentication failed against database server, the provided database credentials for `root` are not valid.

Please make sure to provide valid database credentials for the database server at the configured address.
2025-09-25 10:55:15: error: Authentication failed against database server, the provided database credentials for `postgresql` are not valid.

Please make sure to provide valid database credentials for the database server at the configured address.
2025-09-25 10:55:55: info: Successfully connected to the database
2025-09-25 10:55:55: info: Server started on PORT 4000
2025-09-25 11:15:04: info: Successfully connected to the database
2025-09-25 11:15:04: info: Server started on PORT 4000
2025-09-25 11:47:30: info: Successfully connected to the database
2025-09-25 11:47:30: info: Server started on PORT 4000
2025-09-25 11:47:33: info: Successfully connected to the database
2025-09-25 11:47:33: info: Server started on PORT 4000
2025-09-25 11:47:34: info: Successfully connected to the database
2025-09-25 11:47:34: info: Server started on PORT 4000
2025-09-25 11:53:30: info: Successfully connected to the database
2025-09-25 11:53:30: info: Server started on PORT 4000
2025-09-25 11:54:13: info: Successfully connected to the database
2025-09-25 11:54:13: info: Server started on PORT 4000
2025-09-25 11:54:37: info: Successfully connected to the database
2025-09-25 11:54:37: info: Server started on PORT 4000
2025-09-25 11:54:55: info: Successfully connected to the database
2025-09-25 11:54:55: info: Server started on PORT 4000
2025-09-25 11:55:17: info: Successfully connected to the database
2025-09-25 11:55:17: info: Server started on PORT 4000
2025-09-25 11:57:26: info: Successfully connected to the database
2025-09-25 11:57:26: info: Server started on PORT 4000
2025-09-25 11:57:52: info: Successfully connected to the database
2025-09-25 11:57:52: info: Server started on PORT 4000
2025-09-25 11:58:01: info: Successfully connected to the database
2025-09-25 11:58:01: info: Server started on PORT 4000
2025-09-25 11:59:08: info: Successfully connected to the database
2025-09-25 11:59:08: info: Server started on PORT 4000
2025-09-25 11:59:22: info: Successfully connected to the database
2025-09-25 11:59:22: info: Server started on PORT 4000
2025-09-25 11:59:27: info: Successfully connected to the database
2025-09-25 11:59:27: info: Server started on PORT 4000
2025-09-25 11:59:54: info: Successfully connected to the database
2025-09-25 11:59:54: info: Server started on PORT 4000
2025-09-25 12:03:23: info: Successfully connected to the database
2025-09-25 12:03:23: info: Server started on PORT 4000
2025-09-25 12:03:35: info: Successfully connected to the database
2025-09-25 12:03:35: info: Server started on PORT 4000
2025-09-25 12:05:44: info: Successfully connected to the database
2025-09-25 12:05:44: info: Server started on PORT 4000
2025-09-25 12:06:22: info: Successfully connected to the database
2025-09-25 12:06:22: info: Server started on PORT 4000
2025-09-25 12:06:31: info: Successfully connected to the database
2025-09-25 12:06:31: info: Server started on PORT 4000
2025-09-25 12:10:14: info: Successfully connected to the database
2025-09-25 12:10:14: info: Server started on PORT 4000
2025-09-25 12:41:55: info: Successfully connected to the database
2025-09-25 12:41:55: info: Server started on PORT 4000
2025-09-25 12:42:58: info: Successfully connected to the database
2025-09-25 12:42:58: info: Server started on PORT 4000
2025-09-25 12:46:36: info: Successfully connected to the database
2025-09-25 12:46:36: info: Server started on PORT 4000
2025-09-25 12:47:44: info: Successfully connected to the database
2025-09-25 12:47:44: info: Server started on PORT 4000
2025-09-25 12:47:47: info: Successfully connected to the database
2025-09-25 12:47:47: info: Server started on PORT 4000
2025-09-25 12:48:08: info: Successfully connected to the database
2025-09-25 12:48:08: info: Server started on PORT 4000
2025-09-25 12:48:13: info: Successfully connected to the database
2025-09-25 12:48:13: info: Server started on PORT 4000
2025-09-25 12:48:38: info: Successfully connected to the database
2025-09-25 12:48:38: info: Server started on PORT 4000
2025-09-25 12:48:55: info: Successfully connected to the database
2025-09-25 12:48:55: info: Server started on PORT 4000
2025-09-25 12:51:49: info: Successfully connected to the database
2025-09-25 12:51:49: info: Server started on PORT 4000
2025-09-25 12:52:50: info: Successfully connected to the database
2025-09-25 12:52:50: info: Server started on PORT 4000
2025-09-25 12:53:01: info: Successfully connected to the database
2025-09-25 12:53:01: info: Server started on PORT 4000
2025-09-25 12:53:25: info: Successfully connected to the database
2025-09-25 12:53:25: info: Server started on PORT 4000
2025-09-25 12:53:49: info: Successfully connected to the database
2025-09-25 12:53:49: info: Server started on PORT 4000
2025-09-25 12:54:02: info: Successfully connected to the database
2025-09-25 12:54:02: info: Server started on PORT 4000
2025-09-25 12:55:04: info: Successfully connected to the database
2025-09-25 12:55:04: info: Server started on PORT 4000
2025-09-25 12:55:11: info: Successfully connected to the database
2025-09-25 12:55:11: info: Server started on PORT 4000
2025-09-25 12:55:13: info: Successfully connected to the database
2025-09-25 12:55:13: info: Server started on PORT 4000
2025-09-25 12:55:42: info: Successfully connected to the database
2025-09-25 12:55:42: info: Server started on PORT 4000
2025-09-25 12:56:04: info: Successfully connected to the database
2025-09-25 12:56:04: info: Server started on PORT 4000
2025-09-25 12:59:54: info: Successfully connected to the database
2025-09-25 12:59:54: info: Server started on PORT 4000
2025-09-25 13:00:00: info: Successfully connected to the database
2025-09-25 13:00:00: info: Server started on PORT 4000
2025-09-25 13:00:09: info: Successfully connected to the database
2025-09-25 13:00:09: info: Server started on PORT 4000
2025-09-25 13:00:58: info: Successfully connected to the database
2025-09-25 13:00:58: info: Server started on PORT 4000
2025-09-27 10:20:55: info: Successfully connected to the database
2025-09-27 10:20:55: info: Server started on PORT 4000
2025-09-27 10:25:51: info: Successfully connected to the database
2025-09-27 10:25:51: info: Server started on PORT 4000
2025-09-27 10:26:20: info: Successfully connected to the database
2025-09-27 10:26:20: info: Server started on PORT 4000
2025-09-27 10:27:33: info: Successfully connected to the database
2025-09-27 10:27:33: info: Server started on PORT 4000
2025-09-27 10:27:48: info: Successfully connected to the database
2025-09-27 10:27:48: info: Server started on PORT 4000
2025-09-27 10:28:11: info: Successfully connected to the database
2025-09-27 10:28:11: info: Server started on PORT 4000
2025-09-27 10:28:12: info: Successfully connected to the database
2025-09-27 10:28:12: info: Server started on PORT 4000
2025-09-27 10:28:17: info: Successfully connected to the database
2025-09-27 10:28:17: info: Server started on PORT 4000
2025-09-27 10:36:42: info: Successfully connected to the database
2025-09-27 10:36:42: info: Server started on PORT 4000
2025-09-27 10:38:13: info: Successfully connected to the database
2025-09-27 10:38:13: info: Server started on PORT 4000
2025-09-27 10:38:29: info: Successfully connected to the database
2025-09-27 10:38:29: info: Server started on PORT 4000
2025-09-27 10:38:55: info: Successfully connected to the database
2025-09-27 10:38:55: info: Server started on PORT 4000
2025-09-27 10:43:36: info: Successfully connected to the database
2025-09-27 10:43:36: info: Server started on PORT 4000
2025-09-27 10:47:42: info: Successfully connected to the database
2025-09-27 10:47:42: info: Server started on PORT 4000
2025-09-27 11:10:32: info: Successfully connected to the database
2025-09-27 11:10:32: info: Server started on PORT 4000
2025-09-27 11:13:40: info: Successfully connected to the database
2025-09-27 11:13:40: info: Server started on PORT 4000
2025-09-27 12:01:17: info: Successfully connected to the database
2025-09-27 12:01:17: info: Server started on PORT 4000
2025-09-27 12:37:56: info: Successfully connected to the database
2025-09-27 12:37:56: info: Server started on PORT 4000
2025-09-27 12:44:19: info: Successfully connected to the database
2025-09-27 12:44:19: info: Server started on PORT 4000
2025-09-27 12:47:16: info: Successfully connected to the database
2025-09-27 12:47:16: info: Server started on PORT 4000
2025-09-27 12:48:03: info: Successfully connected to the database
2025-09-27 12:48:03: info: Server started on PORT 4000
2025-09-27 12:48:20: info: Successfully connected to the database
2025-09-27 12:48:20: info: Server started on PORT 4000
2025-09-27 12:48:51: info: Successfully connected to the database
2025-09-27 12:48:51: info: Server started on PORT 4000
2025-09-27 12:49:11: info: Successfully connected to the database
2025-09-27 12:49:11: info: Server started on PORT 4000
2025-09-27 12:55:59: info: Successfully connected to the database
2025-09-27 12:55:59: info: Server started on PORT 4000
2025-09-27 12:58:48: info: Successfully connected to the database
2025-09-27 12:58:48: info: Server started on PORT 4000
2025-09-27 12:59:50: info: Successfully connected to the database
2025-09-27 12:59:50: info: Server started on PORT 4000
2025-09-27 13:02:47: info: Successfully connected to the database
2025-09-27 13:02:47: info: Server started on PORT 4000
2025-09-27 13:10:03: info: Successfully connected to the database
2025-09-27 13:10:03: info: Server started on PORT 4000
2025-09-27 13:10:21: info: Successfully connected to the database
2025-09-27 13:10:21: info: Server started on PORT 4000
2025-09-27 13:15:25: info: Successfully connected to the database
2025-09-27 13:15:25: info: Server started on PORT 4000
2025-09-27 13:15:39: info: Successfully connected to the database
2025-09-27 13:15:39: info: Server started on PORT 4000
2025-09-27 13:16:16: info: Successfully connected to the database
2025-09-27 13:16:16: info: Server started on PORT 4000
2025-09-27 13:16:16: info: Successfully connected to the database
2025-09-27 13:16:16: info: Server started on PORT 4000
2025-09-27 13:16:17: info: Successfully connected to the database
2025-09-27 13:16:17: info: Server started on PORT 4000
2025-09-27 13:16:18: info: Successfully connected to the database
2025-09-27 13:16:18: info: Server started on PORT 4000
2025-09-27 13:16:20: info: Successfully connected to the database
2025-09-27 13:16:20: info: Server started on PORT 4000
2025-09-27 13:17:14: info: Successfully connected to the database
2025-09-27 13:17:14: info: Server started on PORT 4000
2025-09-27 13:19:58: info: Successfully connected to the database
2025-09-27 13:19:58: info: Server started on PORT 4000
2025-09-27 14:19:07: info: Successfully connected to the database
2025-09-27 14:19:07: info: Server started on PORT 4000
2025-09-27 14:24:42: info: Successfully connected to the database
2025-09-27 14:24:42: info: Server started on PORT 4000
2025-09-27 22:28:57: info: Successfully connected to the database
2025-09-27 22:28:57: info: Server started on PORT 4000
2025-09-28 01:08:50: info: Successfully connected to the database
2025-09-28 01:08:50: info: Server started on PORT 4000
2025-09-28 09:03:49: info: Successfully connected to the database
2025-09-28 09:03:49: info: Server started on PORT 4000
2025-09-28 09:03:56: info: Successfully connected to the database
2025-09-28 09:03:56: info: Server started on PORT 4000
2025-09-28 09:06:23: info: Successfully connected to the database
2025-09-28 09:06:23: info: Server started on PORT 4000
2025-09-28 09:10:59: info: Successfully connected to the database
2025-09-28 09:10:59: info: Server started on PORT 4000
2025-09-28 09:11:07: info: Successfully connected to the database
2025-09-28 09:11:07: info: Server started on PORT 4000
2025-09-28 09:43:16: info: Successfully connected to the database
2025-09-28 09:43:16: info: Server started on PORT 4000
2025-09-28 09:45:27: info: Successfully connected to the database
2025-09-28 09:45:27: info: Server started on PORT 4000
2025-09-28 09:58:40: info: Successfully connected to the database
2025-09-28 09:58:40: info: Server started on PORT 4000
2025-09-28 10:02:08: info: Successfully connected to the database
2025-09-28 10:02:08: info: Server started on PORT 4000
2025-09-28 10:02:23: info: Successfully connected to the database
2025-09-28 10:02:23: info: Server started on PORT 4000
2025-09-28 10:04:24: info: Successfully connected to the database
2025-09-28 10:04:24: info: Server started on PORT 4000
2025-09-28 10:06:26: info: Successfully connected to the database
2025-09-28 10:06:26: info: Server started on PORT 4000
2025-09-28 10:06:46: info: Successfully connected to the database
2025-09-28 10:06:46: info: Server started on PORT 4000
2025-09-28 10:07:10: info: Successfully connected to the database
2025-09-28 10:07:10: info: Server started on PORT 4000
2025-09-28 10:07:15: info: Successfully connected to the database
2025-09-28 10:07:15: info: Server started on PORT 4000
2025-09-28 10:07:47: info: Successfully connected to the database
2025-09-28 10:07:47: info: Server started on PORT 4000
2025-09-28 10:07:58: info: Successfully connected to the database
2025-09-28 10:07:58: info: Server started on PORT 4000
